<?xml version="1.0" encoding="UTF-8"?>
<!-- Generated by org.testng.reporters.JUnitReportReporter -->
<testsuite skipped="0" hostname="LENOVO-PC" name="TutorialPointTests.ValidateLogo" tests="1" failures="0" timestamp="2021-04-10T00:03:04 IST" time="23.456" errors="0">
  <testcase name="validateLogo" time="23.456" classname="TutorialPointTests.ValidateLogo"/>
  <system-out/>
</testsuite> <!-- TutorialPointTests.ValidateLogo -->
